2025-07-21T08:25:20.229+05:30  INFO 22368 --- [11_Back_End] [main] back_end.lk.ijse.gdse72.Application      : Starting Application using Java 21.0.4 with PID 22368 (C:\Users\LENOVO\Desktop\AAD ( Advance API Development)\AAD\SPRING\Spring Framwork\11_Back_End\target\classes started by LENOVO in C:\Users\LENOVO\Desktop\AAD ( Advance API Development)\AAD\SPRING\Spring Framwork)
2025-07-21T08:25:20.237+05:30 DEBUG 22368 --- [11_Back_End] [main] back_end.lk.ijse.gdse72.Application      : Running with Spring Boot v3.5.3, Spring v6.2.8
2025-07-21T08:25:20.237+05:30  INFO 22368 --- [11_Back_End] [main] back_end.lk.ijse.gdse72.Application      : No active profile set, falling back to 1 default profile: "default"
2025-07-21T08:25:20.989+05:30  INFO 22368 --- [11_Back_End] [main] .s.d.r.c.RepositoryConfigurationDelegate : Bootstrapping Spring Data JPA repositories in DEFAULT mode.
2025-07-21T08:25:21.046+05:30  INFO 22368 --- [11_Back_End] [main] .s.d.r.c.RepositoryConfigurationDelegate : Finished Spring Data repository scanning in 51 ms. Found 1 JPA repository interface.
2025-07-21T08:25:21.559+05:30  INFO 22368 --- [11_Back_End] [main] o.s.b.w.embedded.tomcat.TomcatWebServer  : Tomcat initialized with port 8080 (http)
2025-07-21T08:25:21.575+05:30  INFO 22368 --- [11_Back_End] [main] o.apache.catalina.core.StandardService   : Starting service [Tomcat]
2025-07-21T08:25:21.575+05:30  INFO 22368 --- [11_Back_End] [main] o.apache.catalina.core.StandardEngine    : Starting Servlet engine: [Apache Tomcat/10.1.42]
2025-07-21T08:25:21.625+05:30  INFO 22368 --- [11_Back_End] [main] o.a.c.c.C.[Tomcat].[localhost].[/]       : Initializing Spring embedded WebApplicationContext
2025-07-21T08:25:21.625+05:30  INFO 22368 --- [11_Back_End] [main] w.s.c.ServletWebServerApplicationContext : Root WebApplicationContext: initialization completed in 1301 ms
2025-07-21T08:25:21.815+05:30  INFO 22368 --- [11_Back_End] [main] o.hibernate.jpa.internal.util.LogHelper  : HHH000204: Processing PersistenceUnitInfo [name: default]
2025-07-21T08:25:21.880+05:30  INFO 22368 --- [11_Back_End] [main] org.hibernate.Version                    : HHH000412: Hibernate ORM core version 6.6.18.Final
2025-07-21T08:25:21.913+05:30  INFO 22368 --- [11_Back_End] [main] o.h.c.internal.RegionFactoryInitiator    : HHH000026: Second-level cache disabled
2025-07-21T08:25:22.270+05:30  INFO 22368 --- [11_Back_End] [main] o.s.o.j.p.SpringPersistenceUnitInfo      : No LoadTimeWeaver setup: ignoring JPA class transformer
2025-07-21T08:25:22.303+05:30  INFO 22368 --- [11_Back_End] [main] com.zaxxer.hikari.HikariDataSource       : HikariPool-1 - Starting...
2025-07-21T08:25:22.798+05:30  INFO 22368 --- [11_Back_End] [main] com.zaxxer.hikari.pool.HikariPool        : HikariPool-1 - Added connection com.mysql.cj.jdbc.ConnectionImpl@1b444b5
2025-07-21T08:25:22.806+05:30  INFO 22368 --- [11_Back_End] [main] com.zaxxer.hikari.HikariDataSource       : HikariPool-1 - Start completed.
2025-07-21T08:25:22.871+05:30  WARN 22368 --- [11_Back_End] [main] org.hibernate.orm.deprecation            : HHH90000025: MySQLDialect does not need to be specified explicitly using 'hibernate.dialect' (remove the property setting and it will be selected by default)
2025-07-21T08:25:22.887+05:30  INFO 22368 --- [11_Back_End] [main] org.hibernate.orm.connections.pooling    : HHH10001005: Database info:
	Database JDBC URL [Connecting through datasource 'HikariDataSource (HikariPool-1)']
	Database driver: undefined/unknown
	Database version: 8.0.38
	Autocommit mode: undefined/unknown
	Isolation level: undefined/unknown
	Minimum pool size: undefined/unknown
	Maximum pool size: undefined/unknown
2025-07-21T08:25:24.021+05:30  INFO 22368 --- [11_Back_End] [main] o.h.e.t.j.p.i.JtaPlatformInitiator       : HHH000489: No JTA platform available (set 'hibernate.transaction.jta.platform' to enable JTA platform integration)
2025-07-21T08:25:24.086+05:30  INFO 22368 --- [11_Back_End] [main] j.LocalContainerEntityManagerFactoryBean : Initialized JPA EntityManagerFactory for persistence unit 'default'
2025-07-21T08:25:24.436+05:30  INFO 22368 --- [11_Back_End] [main] o.s.d.j.r.query.QueryEnhancerFactory     : Hibernate is in classpath; If applicable, HQL parser will be used.
2025-07-21T08:25:24.999+05:30  WARN 22368 --- [11_Back_End] [main] JpaBaseConfiguration$JpaWebConfiguration : spring.jpa.open-in-view is enabled by default. Therefore, database queries may be performed during view rendering. Explicitly configure spring.jpa.open-in-view to disable this warning
2025-07-21T08:25:25.097+05:30 DEBUG 22368 --- [11_Back_End] [main] s.w.s.m.m.a.RequestMappingHandlerMapping : 8 mappings in 'requestMappingHandlerMapping'
2025-07-21T08:25:25.179+05:30 DEBUG 22368 --- [11_Back_End] [main] o.s.w.s.handler.SimpleUrlHandlerMapping  : Patterns [/webjars/**, /**] in 'resourceHandlerMapping'
2025-07-21T08:25:25.203+05:30 DEBUG 22368 --- [11_Back_End] [main] s.w.s.m.m.a.RequestMappingHandlerAdapter : ControllerAdvice beans: 0 @ModelAttribute, 0 @InitBinder, 1 RequestBodyAdvice, 1 ResponseBodyAdvice
2025-07-21T08:25:25.260+05:30 DEBUG 22368 --- [11_Back_End] [main] .m.m.a.ExceptionHandlerExceptionResolver : ControllerAdvice beans: 1 @ExceptionHandler, 1 ResponseBodyAdvice
2025-07-21T08:25:25.419+05:30  INFO 22368 --- [11_Back_End] [main] o.s.b.w.embedded.tomcat.TomcatWebServer  : Tomcat started on port 8080 (http) with context path '/'
2025-07-21T08:25:25.423+05:30  INFO 22368 --- [11_Back_End] [main] back_end.lk.ijse.gdse72.Application      : Started Application in 5.664 seconds (process running for 6.273)
2025-07-21T08:25:32.228+05:30  INFO 22368 --- [11_Back_End] [http-nio-8080-exec-1] o.a.c.c.C.[Tomcat].[localhost].[/]       : Initializing Spring DispatcherServlet 'dispatcherServlet'
2025-07-21T08:25:32.228+05:30  INFO 22368 --- [11_Back_End] [http-nio-8080-exec-1] o.s.web.servlet.DispatcherServlet        : Initializing Servlet 'dispatcherServlet'
2025-07-21T08:25:32.228+05:30 DEBUG 22368 --- [11_Back_End] [http-nio-8080-exec-1] o.s.web.servlet.DispatcherServlet        : Detected StandardServletMultipartResolver
2025-07-21T08:25:32.228+05:30 DEBUG 22368 --- [11_Back_End] [http-nio-8080-exec-1] o.s.web.servlet.DispatcherServlet        : Detected AcceptHeaderLocaleResolver
2025-07-21T08:25:32.228+05:30 DEBUG 22368 --- [11_Back_End] [http-nio-8080-exec-1] o.s.web.servlet.DispatcherServlet        : Detected FixedThemeResolver
2025-07-21T08:25:32.228+05:30 DEBUG 22368 --- [11_Back_End] [http-nio-8080-exec-1] o.s.web.servlet.DispatcherServlet        : Detected org.springframework.web.servlet.view.DefaultRequestToViewNameTranslator@2333333c
2025-07-21T08:25:32.228+05:30 DEBUG 22368 --- [11_Back_End] [http-nio-8080-exec-1] o.s.web.servlet.DispatcherServlet        : Detected org.springframework.web.servlet.support.SessionFlashMapManager@13b012
2025-07-21T08:25:32.228+05:30 DEBUG 22368 --- [11_Back_End] [http-nio-8080-exec-1] o.s.web.servlet.DispatcherServlet        : enableLoggingRequestDetails='false': request parameters and headers will be masked to prevent unsafe logging of potentially sensitive data
2025-07-21T08:25:32.228+05:30  INFO 22368 --- [11_Back_End] [http-nio-8080-exec-1] o.s.web.servlet.DispatcherServlet        : Completed initialization in 0 ms
2025-07-21T08:25:32.244+05:30 DEBUG 22368 --- [11_Back_End] [http-nio-8080-exec-1] o.s.web.servlet.DispatcherServlet        : GET "/api/v1/job/paging?page=0&per_page=5&sort=id&direction=asc&keyword=", parameters={masked}
2025-07-21T08:25:32.252+05:30 DEBUG 22368 --- [11_Back_End] [http-nio-8080-exec-1] s.w.s.m.m.a.RequestMappingHandlerMapping : Mapped to controller.back_end.lk.ijse.gdse72.o14_spring_testing.JobController#getAllJobsWithPaging(int, int, String, String, String)
2025-07-21T08:25:32.552+05:30  WARN 22368 --- [11_Back_End] [http-nio-8080-exec-1] ration$PageModule$WarningLoggingModifier : Serializing PageImpl instances as-is is not supported, meaning that there is no guarantee about the stability of the resulting JSON structure!
	For a stable JSON structure, please use Spring Data's PagedModel (globally via @EnableSpringDataWebSupport(pageSerializationMode = VIA_DTO))
	or Spring HATEOAS and Spring Data's PagedResourcesAssembler as documented in https://docs.spring.io/spring-data/commons/reference/repositories/core-extensions.html#core.web.pageables.

2025-07-21T08:25:32.560+05:30 DEBUG 22368 --- [11_Back_End] [http-nio-8080-exec-1] m.m.a.RequestResponseBodyMethodProcessor : Using 'application/json', given [application/json, text/javascript, */*;q=0.01] and supported [application/json, application/*+json]
2025-07-21T08:25:32.560+05:30 DEBUG 22368 --- [11_Back_End] [http-nio-8080-exec-1] m.m.a.RequestResponseBodyMethodProcessor : Writing [Page 1 of 7 containing dto.back_end.lk.ijse.gdse72.o14_spring_testing.JobDTO instances]
2025-07-21T08:25:32.593+05:30 DEBUG 22368 --- [11_Back_End] [http-nio-8080-exec-1] o.s.web.servlet.DispatcherServlet        : Completed 200 OK
2025-07-21T08:26:33.769+05:30 DEBUG 22368 --- [11_Back_End] [http-nio-8080-exec-4] o.s.web.servlet.DispatcherServlet        : OPTIONS "/api/v1/job/status/1", parameters={}
2025-07-21T08:26:33.769+05:30 DEBUG 22368 --- [11_Back_End] [http-nio-8080-exec-4] s.w.s.m.m.a.RequestMappingHandlerMapping : Mapped to controller.back_end.lk.ijse.gdse72.o14_spring_testing.JobController#changeJobStatus(int)
2025-07-21T08:26:33.778+05:30 DEBUG 22368 --- [11_Back_End] [http-nio-8080-exec-4] o.s.web.servlet.DispatcherServlet        : Completed 200 OK
2025-07-21T08:26:33.816+05:30 DEBUG 22368 --- [11_Back_End] [http-nio-8080-exec-5] o.s.web.servlet.DispatcherServlet        : PATCH "/api/v1/job/status/1", parameters={}
2025-07-21T08:26:33.816+05:30 DEBUG 22368 --- [11_Back_End] [http-nio-8080-exec-5] s.w.s.m.m.a.RequestMappingHandlerMapping : Mapped to controller.back_end.lk.ijse.gdse72.o14_spring_testing.JobController#changeJobStatus(int)
2025-07-21T08:26:33.971+05:30 DEBUG 22368 --- [11_Back_End] [http-nio-8080-exec-5] o.s.w.s.m.m.a.HttpEntityMethodProcessor  : Using 'application/json', given [application/json, text/javascript, */*;q=0.01] and supported [application/json, application/*+json]
2025-07-21T08:26:33.980+05:30 DEBUG 22368 --- [11_Back_End] [http-nio-8080-exec-5] o.s.w.s.m.m.a.HttpEntityMethodProcessor  : Writing [APIResponse(status=200, message=Job Status Updated Successfully for ID: 1, data=null)]
2025-07-21T08:26:33.980+05:30 DEBUG 22368 --- [11_Back_End] [http-nio-8080-exec-5] o.s.web.servlet.DispatcherServlet        : Completed 200 OK
2025-07-21T08:26:33.988+05:30 DEBUG 22368 --- [11_Back_End] [http-nio-8080-exec-3] o.s.web.servlet.DispatcherServlet        : GET "/api/v1/job/paging?page=0&per_page=5&sort=id&direction=asc&keyword=", parameters={masked}
2025-07-21T08:26:33.988+05:30 DEBUG 22368 --- [11_Back_End] [http-nio-8080-exec-3] s.w.s.m.m.a.RequestMappingHandlerMapping : Mapped to controller.back_end.lk.ijse.gdse72.o14_spring_testing.JobController#getAllJobsWithPaging(int, int, String, String, String)
2025-07-21T08:26:34.004+05:30 DEBUG 22368 --- [11_Back_End] [http-nio-8080-exec-3] m.m.a.RequestResponseBodyMethodProcessor : Using 'application/json', given [application/json, text/javascript, */*;q=0.01] and supported [application/json, application/*+json]
2025-07-21T08:26:34.004+05:30 DEBUG 22368 --- [11_Back_End] [http-nio-8080-exec-3] m.m.a.RequestResponseBodyMethodProcessor : Writing [Page 1 of 7 containing dto.back_end.lk.ijse.gdse72.o14_spring_testing.JobDTO instances]
2025-07-21T08:26:34.012+05:30 DEBUG 22368 --- [11_Back_End] [http-nio-8080-exec-3] o.s.web.servlet.DispatcherServlet        : Completed 200 OK
2025-07-21T08:26:50.108+05:30 DEBUG 22368 --- [11_Back_End] [http-nio-8080-exec-7] o.s.web.servlet.DispatcherServlet        : PATCH "/api/v1/job/status/1", parameters={}
2025-07-21T08:26:50.115+05:30 DEBUG 22368 --- [11_Back_End] [http-nio-8080-exec-7] s.w.s.m.m.a.RequestMappingHandlerMapping : Mapped to controller.back_end.lk.ijse.gdse72.o14_spring_testing.JobController#changeJobStatus(int)
2025-07-21T08:26:50.140+05:30 DEBUG 22368 --- [11_Back_End] [http-nio-8080-exec-7] o.s.w.s.m.m.a.HttpEntityMethodProcessor  : Using 'application/json', given [application/json, text/javascript, */*;q=0.01] and supported [application/json, application/*+json]
2025-07-21T08:26:50.140+05:30 DEBUG 22368 --- [11_Back_End] [http-nio-8080-exec-7] o.s.w.s.m.m.a.HttpEntityMethodProcessor  : Writing [APIResponse(status=200, message=Job Status Updated Successfully for ID: 1, data=null)]
2025-07-21T08:26:50.143+05:30 DEBUG 22368 --- [11_Back_End] [http-nio-8080-exec-7] o.s.web.servlet.DispatcherServlet        : Completed 200 OK
2025-07-21T08:26:50.153+05:30 DEBUG 22368 --- [11_Back_End] [http-nio-8080-exec-6] o.s.web.servlet.DispatcherServlet        : GET "/api/v1/job/paging?page=0&per_page=5&sort=id&direction=asc&keyword=", parameters={masked}
2025-07-21T08:26:50.154+05:30 DEBUG 22368 --- [11_Back_End] [http-nio-8080-exec-6] s.w.s.m.m.a.RequestMappingHandlerMapping : Mapped to controller.back_end.lk.ijse.gdse72.o14_spring_testing.JobController#getAllJobsWithPaging(int, int, String, String, String)
2025-07-21T08:26:50.165+05:30 DEBUG 22368 --- [11_Back_End] [http-nio-8080-exec-6] m.m.a.RequestResponseBodyMethodProcessor : Using 'application/json', given [application/json, text/javascript, */*;q=0.01] and supported [application/json, application/*+json]
2025-07-21T08:26:50.165+05:30 DEBUG 22368 --- [11_Back_End] [http-nio-8080-exec-6] m.m.a.RequestResponseBodyMethodProcessor : Writing [Page 1 of 7 containing dto.back_end.lk.ijse.gdse72.o14_spring_testing.JobDTO instances]
2025-07-21T08:26:50.165+05:30 DEBUG 22368 --- [11_Back_End] [http-nio-8080-exec-6] o.s.web.servlet.DispatcherServlet        : Completed 200 OK
2025-07-21T08:27:10.560+05:30 DEBUG 22368 --- [11_Back_End] [http-nio-8080-exec-9] o.s.web.servlet.DispatcherServlet        : GET "/api/v1/job/paging?page=2&per_page=5&sort=id&direction=asc&keyword=", parameters={masked}
2025-07-21T08:27:10.560+05:30 DEBUG 22368 --- [11_Back_End] [http-nio-8080-exec-9] s.w.s.m.m.a.RequestMappingHandlerMapping : Mapped to controller.back_end.lk.ijse.gdse72.o14_spring_testing.JobController#getAllJobsWithPaging(int, int, String, String, String)
2025-07-21T08:27:10.570+05:30 DEBUG 22368 --- [11_Back_End] [http-nio-8080-exec-9] m.m.a.RequestResponseBodyMethodProcessor : Using 'application/json', given [application/json, text/javascript, */*;q=0.01] and supported [application/json, application/*+json]
2025-07-21T08:27:10.570+05:30 DEBUG 22368 --- [11_Back_End] [http-nio-8080-exec-9] m.m.a.RequestResponseBodyMethodProcessor : Writing [Page 3 of 7 containing dto.back_end.lk.ijse.gdse72.o14_spring_testing.JobDTO instances]
2025-07-21T08:27:10.570+05:30 DEBUG 22368 --- [11_Back_End] [http-nio-8080-exec-9] o.s.web.servlet.DispatcherServlet        : Completed 200 OK
2025-07-21T08:27:12.315+05:30 DEBUG 22368 --- [11_Back_End] [http-nio-8080-exec-8] o.s.web.servlet.DispatcherServlet        : GET "/api/v1/job/paging?page=4&per_page=5&sort=id&direction=asc&keyword=", parameters={masked}
2025-07-21T08:27:12.315+05:30 DEBUG 22368 --- [11_Back_End] [http-nio-8080-exec-8] s.w.s.m.m.a.RequestMappingHandlerMapping : Mapped to controller.back_end.lk.ijse.gdse72.o14_spring_testing.JobController#getAllJobsWithPaging(int, int, String, String, String)
2025-07-21T08:27:12.323+05:30 DEBUG 22368 --- [11_Back_End] [http-nio-8080-exec-8] m.m.a.RequestResponseBodyMethodProcessor : Using 'application/json', given [application/json, text/javascript, */*;q=0.01] and supported [application/json, application/*+json]
2025-07-21T08:27:12.331+05:30 DEBUG 22368 --- [11_Back_End] [http-nio-8080-exec-8] m.m.a.RequestResponseBodyMethodProcessor : Writing [Page 5 of 7 containing dto.back_end.lk.ijse.gdse72.o14_spring_testing.JobDTO instances]
2025-07-21T08:27:12.333+05:30 DEBUG 22368 --- [11_Back_End] [http-nio-8080-exec-8] o.s.web.servlet.DispatcherServlet        : Completed 200 OK
2025-07-21T08:27:13.563+05:30 DEBUG 22368 --- [11_Back_End] [http-nio-8080-exec-10] o.s.web.servlet.DispatcherServlet        : GET "/api/v1/job/paging?page=6&per_page=5&sort=id&direction=asc&keyword=", parameters={masked}
2025-07-21T08:27:13.563+05:30 DEBUG 22368 --- [11_Back_End] [http-nio-8080-exec-10] s.w.s.m.m.a.RequestMappingHandlerMapping : Mapped to controller.back_end.lk.ijse.gdse72.o14_spring_testing.JobController#getAllJobsWithPaging(int, int, String, String, String)
2025-07-21T08:27:13.571+05:30 DEBUG 22368 --- [11_Back_End] [http-nio-8080-exec-10] m.m.a.RequestResponseBodyMethodProcessor : Using 'application/json', given [application/json, text/javascript, */*;q=0.01] and supported [application/json, application/*+json]
2025-07-21T08:27:13.571+05:30 DEBUG 22368 --- [11_Back_End] [http-nio-8080-exec-10] m.m.a.RequestResponseBodyMethodProcessor : Writing [Page 7 of 7 containing dto.back_end.lk.ijse.gdse72.o14_spring_testing.JobDTO instances]
2025-07-21T08:27:13.579+05:30 DEBUG 22368 --- [11_Back_End] [http-nio-8080-exec-10] o.s.web.servlet.DispatcherServlet        : Completed 200 OK
2025-07-21T08:27:32.285+05:30 DEBUG 22368 --- [11_Back_End] [http-nio-8080-exec-1] o.s.web.servlet.DispatcherServlet        : GET "/api/v1/job/paging?page=0&per_page=5&sort=id&direction=asc&keyword=p", parameters={masked}
2025-07-21T08:27:32.287+05:30 DEBUG 22368 --- [11_Back_End] [http-nio-8080-exec-1] s.w.s.m.m.a.RequestMappingHandlerMapping : Mapped to controller.back_end.lk.ijse.gdse72.o14_spring_testing.JobController#getAllJobsWithPaging(int, int, String, String, String)
2025-07-21T08:27:32.301+05:30 DEBUG 22368 --- [11_Back_End] [http-nio-8080-exec-1] m.m.a.RequestResponseBodyMethodProcessor : Using 'application/json', given [application/json, text/javascript, */*;q=0.01] and supported [application/json, application/*+json]
2025-07-21T08:27:32.301+05:30 DEBUG 22368 --- [11_Back_End] [http-nio-8080-exec-1] m.m.a.RequestResponseBodyMethodProcessor : Writing [Page 1 of 2 containing dto.back_end.lk.ijse.gdse72.o14_spring_testing.JobDTO instances]
2025-07-21T08:27:32.301+05:30 DEBUG 22368 --- [11_Back_End] [http-nio-8080-exec-1] o.s.web.servlet.DispatcherServlet        : Completed 200 OK
2025-07-21T08:27:34.025+05:30 DEBUG 22368 --- [11_Back_End] [http-nio-8080-exec-2] o.s.web.servlet.DispatcherServlet        : GET "/api/v1/job/paging?page=0&per_page=5&sort=id&direction=asc&keyword=pm", parameters={masked}
2025-07-21T08:27:34.025+05:30 DEBUG 22368 --- [11_Back_End] [http-nio-8080-exec-2] s.w.s.m.m.a.RequestMappingHandlerMapping : Mapped to controller.back_end.lk.ijse.gdse72.o14_spring_testing.JobController#getAllJobsWithPaging(int, int, String, String, String)
2025-07-21T08:27:34.031+05:30 DEBUG 22368 --- [11_Back_End] [http-nio-8080-exec-2] m.m.a.RequestResponseBodyMethodProcessor : Using 'application/json', given [application/json, text/javascript, */*;q=0.01] and supported [application/json, application/*+json]
2025-07-21T08:27:34.031+05:30 DEBUG 22368 --- [11_Back_End] [http-nio-8080-exec-2] m.m.a.RequestResponseBodyMethodProcessor : Writing [Page 1 of 1 containing dto.back_end.lk.ijse.gdse72.o14_spring_testing.JobDTO instances]
2025-07-21T08:27:34.031+05:30 DEBUG 22368 --- [11_Back_End] [http-nio-8080-exec-2] o.s.web.servlet.DispatcherServlet        : Completed 200 OK
2025-07-21T08:27:36.124+05:30 DEBUG 22368 --- [11_Back_End] [http-nio-8080-exec-4] o.s.web.servlet.DispatcherServlet        : GET "/api/v1/job/paging?page=0&per_page=5&sort=id&direction=asc&keyword=", parameters={masked}
2025-07-21T08:27:36.124+05:30 DEBUG 22368 --- [11_Back_End] [http-nio-8080-exec-4] s.w.s.m.m.a.RequestMappingHandlerMapping : Mapped to controller.back_end.lk.ijse.gdse72.o14_spring_testing.JobController#getAllJobsWithPaging(int, int, String, String, String)
2025-07-21T08:27:36.140+05:30 DEBUG 22368 --- [11_Back_End] [http-nio-8080-exec-4] m.m.a.RequestResponseBodyMethodProcessor : Using 'application/json', given [application/json, text/javascript, */*;q=0.01] and supported [application/json, application/*+json]
2025-07-21T08:27:36.140+05:30 DEBUG 22368 --- [11_Back_End] [http-nio-8080-exec-4] m.m.a.RequestResponseBodyMethodProcessor : Writing [Page 1 of 7 containing dto.back_end.lk.ijse.gdse72.o14_spring_testing.JobDTO instances]
2025-07-21T08:27:36.140+05:30 DEBUG 22368 --- [11_Back_End] [http-nio-8080-exec-4] o.s.web.servlet.DispatcherServlet        : Completed 200 OK
2025-07-21T08:28:00.686+05:30 DEBUG 22368 --- [11_Back_End] [http-nio-8080-exec-5] o.s.web.servlet.DispatcherServlet        : GET "/api/v1/job/paging?page=2&per_page=5&sort=id&direction=asc&keyword=", parameters={masked}
2025-07-21T08:28:00.694+05:30 DEBUG 22368 --- [11_Back_End] [http-nio-8080-exec-5] s.w.s.m.m.a.RequestMappingHandlerMapping : Mapped to controller.back_end.lk.ijse.gdse72.o14_spring_testing.JobController#getAllJobsWithPaging(int, int, String, String, String)
2025-07-21T08:28:00.703+05:30 DEBUG 22368 --- [11_Back_End] [http-nio-8080-exec-5] m.m.a.RequestResponseBodyMethodProcessor : Using 'application/json', given [application/json, text/javascript, */*;q=0.01] and supported [application/json, application/*+json]
2025-07-21T08:28:00.703+05:30 DEBUG 22368 --- [11_Back_End] [http-nio-8080-exec-5] m.m.a.RequestResponseBodyMethodProcessor : Writing [Page 3 of 7 containing dto.back_end.lk.ijse.gdse72.o14_spring_testing.JobDTO instances]
2025-07-21T08:28:00.711+05:30 DEBUG 22368 --- [11_Back_End] [http-nio-8080-exec-5] o.s.web.servlet.DispatcherServlet        : Completed 200 OK
2025-07-21T08:28:02.443+05:30 DEBUG 22368 --- [11_Back_End] [http-nio-8080-exec-3] o.s.web.servlet.DispatcherServlet        : GET "/api/v1/job/paging?page=4&per_page=5&sort=id&direction=asc&keyword=", parameters={masked}
2025-07-21T08:28:02.443+05:30 DEBUG 22368 --- [11_Back_End] [http-nio-8080-exec-3] s.w.s.m.m.a.RequestMappingHandlerMapping : Mapped to controller.back_end.lk.ijse.gdse72.o14_spring_testing.JobController#getAllJobsWithPaging(int, int, String, String, String)
2025-07-21T08:28:02.458+05:30 DEBUG 22368 --- [11_Back_End] [http-nio-8080-exec-3] m.m.a.RequestResponseBodyMethodProcessor : Using 'application/json', given [application/json, text/javascript, */*;q=0.01] and supported [application/json, application/*+json]
2025-07-21T08:28:02.458+05:30 DEBUG 22368 --- [11_Back_End] [http-nio-8080-exec-3] m.m.a.RequestResponseBodyMethodProcessor : Writing [Page 5 of 7 containing dto.back_end.lk.ijse.gdse72.o14_spring_testing.JobDTO instances]
2025-07-21T08:28:02.466+05:30 DEBUG 22368 --- [11_Back_End] [http-nio-8080-exec-3] o.s.web.servlet.DispatcherServlet        : Completed 200 OK
2025-07-21T08:44:58.520+05:30  INFO 22368 --- [11_Back_End] [SpringApplicationShutdownHook] o.s.b.w.e.tomcat.GracefulShutdown        : Commencing graceful shutdown. Waiting for active requests to complete
2025-07-21T08:44:58.524+05:30  INFO 22368 --- [11_Back_End] [tomcat-shutdown] o.s.b.w.e.tomcat.GracefulShutdown        : Graceful shutdown complete
2025-07-21T08:44:58.527+05:30  INFO 22368 --- [11_Back_End] [SpringApplicationShutdownHook] j.LocalContainerEntityManagerFactoryBean : Closing JPA EntityManagerFactory for persistence unit 'default'
2025-07-21T08:44:58.529+05:30  INFO 22368 --- [11_Back_End] [SpringApplicationShutdownHook] com.zaxxer.hikari.HikariDataSource       : HikariPool-1 - Shutdown initiated...
2025-07-21T08:44:58.534+05:30  INFO 22368 --- [11_Back_End] [SpringApplicationShutdownHook] com.zaxxer.hikari.HikariDataSource       : HikariPool-1 - Shutdown completed.
2025-07-21T08:45:01.290+05:30  INFO 37344 --- [11_Back_End] [main] back_end.lk.ijse.gdse72.Application      : Starting Application using Java 21.0.4 with PID 37344 (C:\Users\LENOVO\Desktop\AAD ( Advance API Development)\AAD\SPRING\Spring Framwork\11_Back_End\target\classes started by LENOVO in C:\Users\LENOVO\Desktop\AAD ( Advance API Development)\AAD\SPRING\Spring Framwork)
2025-07-21T08:45:01.292+05:30 DEBUG 37344 --- [11_Back_End] [main] back_end.lk.ijse.gdse72.Application      : Running with Spring Boot v3.5.3, Spring v6.2.8
2025-07-21T08:45:01.293+05:30  INFO 37344 --- [11_Back_End] [main] back_end.lk.ijse.gdse72.Application      : No active profile set, falling back to 1 default profile: "default"
2025-07-21T08:45:01.977+05:30  INFO 37344 --- [11_Back_End] [main] .s.d.r.c.RepositoryConfigurationDelegate : Bootstrapping Spring Data JPA repositories in DEFAULT mode.
2025-07-21T08:45:02.027+05:30  INFO 37344 --- [11_Back_End] [main] .s.d.r.c.RepositoryConfigurationDelegate : Finished Spring Data repository scanning in 41 ms. Found 1 JPA repository interface.
2025-07-21T08:45:02.473+05:30  INFO 37344 --- [11_Back_End] [main] o.s.b.w.embedded.tomcat.TomcatWebServer  : Tomcat initialized with port 8080 (http)
2025-07-21T08:45:02.483+05:30  INFO 37344 --- [11_Back_End] [main] o.apache.catalina.core.StandardService   : Starting service [Tomcat]
2025-07-21T08:45:02.484+05:30  INFO 37344 --- [11_Back_End] [main] o.apache.catalina.core.StandardEngine    : Starting Servlet engine: [Apache Tomcat/10.1.42]
2025-07-21T08:45:02.520+05:30  INFO 37344 --- [11_Back_End] [main] o.a.c.c.C.[Tomcat].[localhost].[/]       : Initializing Spring embedded WebApplicationContext
2025-07-21T08:45:02.521+05:30  INFO 37344 --- [11_Back_End] [main] w.s.c.ServletWebServerApplicationContext : Root WebApplicationContext: initialization completed in 1169 ms
2025-07-21T08:45:02.655+05:30  INFO 37344 --- [11_Back_End] [main] o.hibernate.jpa.internal.util.LogHelper  : HHH000204: Processing PersistenceUnitInfo [name: default]
2025-07-21T08:45:02.714+05:30  INFO 37344 --- [11_Back_End] [main] org.hibernate.Version                    : HHH000412: Hibernate ORM core version 6.6.18.Final
2025-07-21T08:45:02.749+05:30  INFO 37344 --- [11_Back_End] [main] o.h.c.internal.RegionFactoryInitiator    : HHH000026: Second-level cache disabled
2025-07-21T08:45:03.000+05:30  INFO 37344 --- [11_Back_End] [main] o.s.o.j.p.SpringPersistenceUnitInfo      : No LoadTimeWeaver setup: ignoring JPA class transformer
2025-07-21T08:45:03.024+05:30  INFO 37344 --- [11_Back_End] [main] com.zaxxer.hikari.HikariDataSource       : HikariPool-1 - Starting...
2025-07-21T08:45:03.314+05:30  INFO 37344 --- [11_Back_End] [main] com.zaxxer.hikari.pool.HikariPool        : HikariPool-1 - Added connection com.mysql.cj.jdbc.ConnectionImpl@35536760
2025-07-21T08:45:03.316+05:30  INFO 37344 --- [11_Back_End] [main] com.zaxxer.hikari.HikariDataSource       : HikariPool-1 - Start completed.
2025-07-21T08:45:03.360+05:30  WARN 37344 --- [11_Back_End] [main] org.hibernate.orm.deprecation            : HHH90000025: MySQLDialect does not need to be specified explicitly using 'hibernate.dialect' (remove the property setting and it will be selected by default)
2025-07-21T08:45:03.375+05:30  INFO 37344 --- [11_Back_End] [main] org.hibernate.orm.connections.pooling    : HHH10001005: Database info:
	Database JDBC URL [Connecting through datasource 'HikariDataSource (HikariPool-1)']
	Database driver: undefined/unknown
	Database version: 8.0.38
	Autocommit mode: undefined/unknown
	Isolation level: undefined/unknown
	Minimum pool size: undefined/unknown
	Maximum pool size: undefined/unknown
2025-07-21T08:45:04.124+05:30  INFO 37344 --- [11_Back_End] [main] o.h.e.t.j.p.i.JtaPlatformInitiator       : HHH000489: No JTA platform available (set 'hibernate.transaction.jta.platform' to enable JTA platform integration)
2025-07-21T08:45:04.209+05:30  INFO 37344 --- [11_Back_End] [main] j.LocalContainerEntityManagerFactoryBean : Initialized JPA EntityManagerFactory for persistence unit 'default'
2025-07-21T08:45:04.431+05:30  INFO 37344 --- [11_Back_End] [main] o.s.d.j.r.query.QueryEnhancerFactory     : Hibernate is in classpath; If applicable, HQL parser will be used.
2025-07-21T08:45:04.931+05:30  WARN 37344 --- [11_Back_End] [main] JpaBaseConfiguration$JpaWebConfiguration : spring.jpa.open-in-view is enabled by default. Therefore, database queries may be performed during view rendering. Explicitly configure spring.jpa.open-in-view to disable this warning
2025-07-21T08:45:05.018+05:30 DEBUG 37344 --- [11_Back_End] [main] s.w.s.m.m.a.RequestMappingHandlerMapping : 8 mappings in 'requestMappingHandlerMapping'
2025-07-21T08:45:05.087+05:30 DEBUG 37344 --- [11_Back_End] [main] o.s.w.s.handler.SimpleUrlHandlerMapping  : Patterns [/webjars/**, /**] in 'resourceHandlerMapping'
2025-07-21T08:45:05.107+05:30 DEBUG 37344 --- [11_Back_End] [main] s.w.s.m.m.a.RequestMappingHandlerAdapter : ControllerAdvice beans: 0 @ModelAttribute, 0 @InitBinder, 1 RequestBodyAdvice, 1 ResponseBodyAdvice
2025-07-21T08:45:05.156+05:30 DEBUG 37344 --- [11_Back_End] [main] .m.m.a.ExceptionHandlerExceptionResolver : ControllerAdvice beans: 1 @ExceptionHandler, 1 ResponseBodyAdvice
2025-07-21T08:45:05.265+05:30  INFO 37344 --- [11_Back_End] [main] o.s.b.w.embedded.tomcat.TomcatWebServer  : Tomcat started on port 8080 (http) with context path '/'
2025-07-21T08:45:05.271+05:30  INFO 37344 --- [11_Back_End] [main] back_end.lk.ijse.gdse72.Application      : Started Application in 4.419 seconds (process running for 5.038)
2025-07-21T09:26:28.168+05:30  WARN 37344 --- [11_Back_End] [HikariPool-1:housekeeper] com.zaxxer.hikari.pool.HikariPool        : HikariPool-1 - Thread starvation or clock leap detected (housekeeper delta=20m54s461ms205µs300ns).
2025-07-21T10:41:48.065+05:30  INFO 37344 --- [11_Back_End] [SpringApplicationShutdownHook] o.s.b.w.e.tomcat.GracefulShutdown        : Commencing graceful shutdown. Waiting for active requests to complete
2025-07-21T10:41:48.080+05:30  INFO 37344 --- [11_Back_End] [tomcat-shutdown] o.s.b.w.e.tomcat.GracefulShutdown        : Graceful shutdown complete
2025-07-21T10:41:48.099+05:30  INFO 37344 --- [11_Back_End] [SpringApplicationShutdownHook] j.LocalContainerEntityManagerFactoryBean : Closing JPA EntityManagerFactory for persistence unit 'default'
2025-07-21T10:41:48.123+05:30  INFO 37344 --- [11_Back_End] [SpringApplicationShutdownHook] com.zaxxer.hikari.HikariDataSource       : HikariPool-1 - Shutdown initiated...
2025-07-21T10:41:48.130+05:30  INFO 37344 --- [11_Back_End] [SpringApplicationShutdownHook] com.zaxxer.hikari.HikariDataSource       : HikariPool-1 - Shutdown completed.
2025-07-21T11:20:01.165+05:30  INFO 21152 --- [13_Spring_Secyrity_With_JWT] [main] l.i.g.o.Application                      : Starting Application using Java 21.0.4 with PID 21152 (C:\Users\LENOVO\Desktop\AAD ( Advance API Development)\AAD\SPRING\Spring Framwork\13_Spring_Secyrity_With_JWT\target\classes started by LENOVO in C:\Users\LENOVO\Desktop\AAD ( Advance API Development)\AAD\SPRING\Spring Framwork)
2025-07-21T11:20:01.169+05:30  INFO 21152 --- [13_Spring_Secyrity_With_JWT] [main] l.i.g.o.Application                      : No active profile set, falling back to 1 default profile: "default"
2025-07-21T11:20:02.044+05:30  INFO 21152 --- [13_Spring_Secyrity_With_JWT] [main] .s.d.r.c.RepositoryConfigurationDelegate : Bootstrapping Spring Data JPA repositories in DEFAULT mode.
2025-07-21T11:20:02.117+05:30  INFO 21152 --- [13_Spring_Secyrity_With_JWT] [main] .s.d.r.c.RepositoryConfigurationDelegate : Finished Spring Data repository scanning in 60 ms. Found 1 JPA repository interface.
2025-07-21T11:20:02.764+05:30  INFO 21152 --- [13_Spring_Secyrity_With_JWT] [main] o.s.b.w.embedded.tomcat.TomcatWebServer  : Tomcat initialized with port 8080 (http)
2025-07-21T11:20:02.785+05:30  INFO 21152 --- [13_Spring_Secyrity_With_JWT] [main] o.apache.catalina.core.StandardService   : Starting service [Tomcat]
2025-07-21T11:20:02.785+05:30  INFO 21152 --- [13_Spring_Secyrity_With_JWT] [main] o.apache.catalina.core.StandardEngine    : Starting Servlet engine: [Apache Tomcat/10.1.42]
2025-07-21T11:20:02.844+05:30  INFO 21152 --- [13_Spring_Secyrity_With_JWT] [main] o.a.c.c.C.[Tomcat].[localhost].[/]       : Initializing Spring embedded WebApplicationContext
2025-07-21T11:20:02.845+05:30  INFO 21152 --- [13_Spring_Secyrity_With_JWT] [main] w.s.c.ServletWebServerApplicationContext : Root WebApplicationContext: initialization completed in 1596 ms
2025-07-21T11:20:03.053+05:30  INFO 21152 --- [13_Spring_Secyrity_With_JWT] [main] o.hibernate.jpa.internal.util.LogHelper  : HHH000204: Processing PersistenceUnitInfo [name: default]
2025-07-21T11:20:03.097+05:30  INFO 21152 --- [13_Spring_Secyrity_With_JWT] [main] org.hibernate.Version                    : HHH000412: Hibernate ORM core version 6.6.18.Final
2025-07-21T11:20:03.135+05:30  INFO 21152 --- [13_Spring_Secyrity_With_JWT] [main] o.h.c.internal.RegionFactoryInitiator    : HHH000026: Second-level cache disabled
2025-07-21T11:20:03.507+05:30  INFO 21152 --- [13_Spring_Secyrity_With_JWT] [main] o.s.o.j.p.SpringPersistenceUnitInfo      : No LoadTimeWeaver setup: ignoring JPA class transformer
2025-07-21T11:20:03.537+05:30  INFO 21152 --- [13_Spring_Secyrity_With_JWT] [main] com.zaxxer.hikari.HikariDataSource       : HikariPool-1 - Starting...
2025-07-21T11:20:03.936+05:30  INFO 21152 --- [13_Spring_Secyrity_With_JWT] [main] com.zaxxer.hikari.pool.HikariPool        : HikariPool-1 - Added connection com.mysql.cj.jdbc.ConnectionImpl@13d984ee
2025-07-21T11:20:03.939+05:30  INFO 21152 --- [13_Spring_Secyrity_With_JWT] [main] com.zaxxer.hikari.HikariDataSource       : HikariPool-1 - Start completed.
2025-07-21T11:20:03.998+05:30  WARN 21152 --- [13_Spring_Secyrity_With_JWT] [main] org.hibernate.orm.deprecation            : HHH90000025: MySQLDialect does not need to be specified explicitly using 'hibernate.dialect' (remove the property setting and it will be selected by default)
2025-07-21T11:20:04.015+05:30  INFO 21152 --- [13_Spring_Secyrity_With_JWT] [main] org.hibernate.orm.connections.pooling    : HHH10001005: Database info:
	Database JDBC URL [Connecting through datasource 'HikariDataSource (HikariPool-1)']
	Database driver: undefined/unknown
	Database version: 8.0.38
	Autocommit mode: undefined/unknown
	Isolation level: undefined/unknown
	Minimum pool size: undefined/unknown
	Maximum pool size: undefined/unknown
2025-07-21T11:20:04.987+05:30  INFO 21152 --- [13_Spring_Secyrity_With_JWT] [main] o.h.e.t.j.p.i.JtaPlatformInitiator       : HHH000489: No JTA platform available (set 'hibernate.transaction.jta.platform' to enable JTA platform integration)
2025-07-21T11:20:05.209+05:30  INFO 21152 --- [13_Spring_Secyrity_With_JWT] [main] j.LocalContainerEntityManagerFactoryBean : Initialized JPA EntityManagerFactory for persistence unit 'default'
2025-07-21T11:20:05.605+05:30  WARN 21152 --- [13_Spring_Secyrity_With_JWT] [main] JpaBaseConfiguration$JpaWebConfiguration : spring.jpa.open-in-view is enabled by default. Therefore, database queries may be performed during view rendering. Explicitly configure spring.jpa.open-in-view to disable this warning
2025-07-21T11:20:05.747+05:30 DEBUG 21152 --- [13_Spring_Secyrity_With_JWT] [main] s.w.s.m.m.a.RequestMappingHandlerMapping : 2 mappings in 'requestMappingHandlerMapping'
2025-07-21T11:20:05.844+05:30 DEBUG 21152 --- [13_Spring_Secyrity_With_JWT] [main] o.s.w.s.handler.SimpleUrlHandlerMapping  : Patterns [/webjars/**, /**] in 'resourceHandlerMapping'
2025-07-21T11:20:05.875+05:30 DEBUG 21152 --- [13_Spring_Secyrity_With_JWT] [main] s.w.s.m.m.a.RequestMappingHandlerAdapter : ControllerAdvice beans: 0 @ModelAttribute, 0 @InitBinder, 1 RequestBodyAdvice, 1 ResponseBodyAdvice
2025-07-21T11:20:05.925+05:30 DEBUG 21152 --- [13_Spring_Secyrity_With_JWT] [main] .m.m.a.ExceptionHandlerExceptionResolver : ControllerAdvice beans: 0 @ExceptionHandler, 1 ResponseBodyAdvice
2025-07-21T11:20:06.142+05:30  INFO 21152 --- [13_Spring_Secyrity_With_JWT] [main] r$InitializeUserDetailsManagerConfigurer : Global AuthenticationManager configured with UserDetailsService bean with name userDetailsService
2025-07-21T11:20:06.394+05:30  INFO 21152 --- [13_Spring_Secyrity_With_JWT] [main] o.s.b.w.embedded.tomcat.TomcatWebServer  : Tomcat started on port 8080 (http) with context path '/'
2025-07-21T11:20:06.406+05:30  INFO 21152 --- [13_Spring_Secyrity_With_JWT] [main] l.i.g.o.Application                      : Started Application in 5.777 seconds (process running for 6.452)
2025-07-21T11:21:27.574+05:30  INFO 21152 --- [13_Spring_Secyrity_With_JWT] [SpringApplicationShutdownHook] o.s.b.w.e.tomcat.GracefulShutdown        : Commencing graceful shutdown. Waiting for active requests to complete
2025-07-21T11:21:27.583+05:30  INFO 21152 --- [13_Spring_Secyrity_With_JWT] [tomcat-shutdown] o.s.b.w.e.tomcat.GracefulShutdown        : Graceful shutdown complete
2025-07-21T11:21:27.588+05:30  INFO 21152 --- [13_Spring_Secyrity_With_JWT] [SpringApplicationShutdownHook] j.LocalContainerEntityManagerFactoryBean : Closing JPA EntityManagerFactory for persistence unit 'default'
2025-07-21T11:21:27.590+05:30  INFO 21152 --- [13_Spring_Secyrity_With_JWT] [SpringApplicationShutdownHook] com.zaxxer.hikari.HikariDataSource       : HikariPool-1 - Shutdown initiated...
2025-07-21T11:21:27.601+05:30  INFO 21152 --- [13_Spring_Secyrity_With_JWT] [SpringApplicationShutdownHook] com.zaxxer.hikari.HikariDataSource       : HikariPool-1 - Shutdown completed.
